<?xml version="1.0" encoding="UTF-8"?>
<!-- Generated by org.testng.reporters.JUnitReportReporter -->
<testsuite hostname="DESKTOP-UPAJFN9" failures="0" tests="2" name="klovReport.ReportDemo" time="0.182" errors="0" timestamp="2022-07-22T18:34:12 IST" skipped="0">
  <testcase classname="klovReport.ReportDemo" name="testKlov2" time="0.093"/>
  <system-out/>
  <testcase classname="klovReport.ReportDemo" name="testKlov1" time="0.089"/>
  <system-out/>
</testsuite> <!-- klovReport.ReportDemo -->
